debug -- ::1 -- 2020-04-20T07:24:48+00:00 -- Initialize Hybridauth\Provider\Google, config: 
Array
(
    [callback] => http://localhost/verification/dashboard/vendor-verification/?hauth.done=Google
    [enabled] => 1
    [keys] => Array
        (
            [id] => 796712499551-ctju6a4sl51ihgf3n6gr7ktgud9fk7gk.apps.googleusercontent.com
            [secret] => EFa2kyFM1dxfJ8NzWkCS-V0E
            [key] => 796712499551-ctju6a4sl51ihgf3n6gr7ktgud9fk7gk.apps.googleusercontent.com
        )

    [scope] => https://www.googleapis.com/auth/userinfo.profile
    [debug_mode] => 1
    [debug_file] => C:\xampp\htdocs\verification\wp-content\plugins\wcmp-vendor-verification/lib/Hybrid/hybridauth.log
)

info -- ::1 -- 2020-04-20T07:24:48+00:00 -- Hybridauth\Provider\Google::authenticate()
debug -- ::1 -- 2020-04-20T07:24:48+00:00 -- Hybridauth\Provider\Google::authenticateBegin(), redirecting user to:
Array
(
    [0] => https://accounts.google.com/o/oauth2/auth?response_type=code&client_id=796712499551-ctju6a4sl51ihgf3n6gr7ktgud9fk7gk.apps.googleusercontent.com&redirect_uri=http%3A%2F%2Flocalhost%2Fverification%2Fdashboard%2Fvendor-verification%2F%3Fhauth.done%3DGoogle&scope=https%3A%2F%2Fwww.googleapis.com%2Fauth%2Fuserinfo.profile&access_type=offline&state=HA-9N7MZH0ACLGP4UVXDTQB1WK2YRIJ635OF8ES
)

debug -- ::1 -- 2020-04-20T09:49:36+00:00 -- Initialize Hybridauth\Provider\Google, config: 
Array
(
    [callback] => http://localhost/verification/dashboard/vendor-verification/
    [debug_mode] => 1
    [debug_file] => C:\xampp\htdocs\verification\wp-content\plugins\wcmp-vendor-verification/lib/Hybrid/hybridauth.log
    [providers] => Array
        (
            [Google] => Array
                (
                    [callback] => http://localhost/verification/dashboard/vendor-verification/?hauth.done=Google
                    [enabled] => 1
                    [keys] => Array
                        (
                            [id] => 796712499551-ctju6a4sl51ihgf3n6gr7ktgud9fk7gk.apps.googleusercontent.com
                            [secret] => EFa2kyFM1dxfJ8NzWkCS-V0E
                            [key] => 796712499551-ctju6a4sl51ihgf3n6gr7ktgud9fk7gk.apps.googleusercontent.com
                        )

                    [scope] => https://www.googleapis.com/auth/userinfo.profile
                )

            [Facebook] => Array
                (
                    [callback] => http://localhost/verification/dashboard/vendor-verification/?hauth.done=Facebook
                    [enabled] => 
                    [keys] => Array
                        (
                            [id] => 
                            [secret] => 
                            [key] => 
                        )

                    [scope] => email, public_profile, user_friends
                    [trustForwarded] => 1
                )

            [Twitter] => Array
                (
                    [callback] => http://localhost/verification/dashboard/vendor-verification/?hauth.done=Twitter
                    [enabled] => 
                    [keys] => Array
                        (
                            [id] => 
                            [secret] => 
                            [key] => 
                        )

                )

            [LinkedIn] => Array
                (
                    [callback] => http://localhost/verification/dashboard/vendor-verification/?hauth.done=LinkedIn
                    [enabled] => 
                    [keys] => Array
                        (
                            [id] => 
                            [secret] => 
                            [key] => 
                        )

                )

        )

)

info -- ::1 -- 2020-04-20T09:49:36+00:00 -- Hybridauth\Provider\Google::authenticate()
debug -- ::1 -- 2020-04-20T09:49:36+00:00 -- Hybridauth\Provider\Google::authenticateFinish(), callback url:
Array
(
    [0] => http://localhost/verification/dashboard/vendor-verification/?hauth.done=Google&state=HA-8LQIP25F3K4MZNYAUET1BV96WCSHRJGO0XD7&code=4%2FywHHQQqFH7R101bpaEJgvtcKIpesOWBiypS_Zb8R820JT4JzHII0jNGK8S2-uSnZPExKHm8jfOCOdmD6qThdvuI&scope=profile+https%3A%2F%2Fwww.googleapis.com%2Fauth%2Fuserinfo.profile
)

debug -- ::1 -- 2020-04-20T09:49:37+00:00 -- Hybridauth\HttpClient\Curl::request( https://accounts.google.com/o/oauth2/token, POST ), response:
Array
(
    [request] => Array
        (
            [uri] => https://accounts.google.com/o/oauth2/token
            [method] => POST
            [parameters] => Array
                (
                    [client_id] => 
                    [client_secret] => 
                    [grant_type] => authorization_code
                    [redirect_uri] => http://localhost/verification/dashboard/vendor-verification/
                    [code] => 4/ywHHQQqFH7R101bpaEJgvtcKIpesOWBiypS_Zb8R820JT4JzHII0jNGK8S2-uSnZPExKHm8jfOCOdmD6qThdvuI
                )

            [headers] => Array
                (
                    [Accept] => */*
                    [Cache-Control] => max-age=0
                    [Connection] => keep-alive
                    [Expect] => 
                    [Pragma] => 
                )

        )

    [response] => Array
        (
            [code] => 400
            [headers] => Array
                (
                    [content_type] => application/json; charset=utf-8
                    [vary] => Origin,Accept-Encoding
                    [date] => Mon, 20 Apr 2020 09:49:38 GMT
                    [server] => scaffolding on HTTPServer2
                    [cache_control] => private
                    [x_xss_protection] => 0
                    [x_frame_options] => SAMEORIGIN
                    [x_content_type_options] => nosniff
                    [alt_svc] => quic=":443"; ma=2592000; v="46,43",h3-Q050=":443"; ma=2592000,h3-Q049=":443"; ma=2592000,h3-Q048=":443"; ma=2592000,h3-Q046=":443"; ma=2592000,h3-Q043=":443"; ma=2592000,h3-T050=":443"; ma=2592000
                    [accept_ranges] => none
                )

            [body] => {
  "error": "invalid_request",
  "error_description": "Could not determine client ID from request."
}
        )

    [client] => Array
        (
            [error] => 
            [info] => Array
                (
                    [url] => https://accounts.google.com/o/oauth2/token
                    [content_type] => application/json; charset=utf-8
                    [http_code] => 400
                    [header_size] => 531
                    [request_size] => 320
                    [filetime] => -1
                    [ssl_verify_result] => 0
                    [redirect_count] => 0
                    [total_time] => 0.628802
                    [namelookup_time] => 0.010078
                    [connect_time] => 0.05841
                    [pretransfer_time] => 0.539786
                    [size_upload] => 214
                    [size_download] => 102
                    [speed_download] => 162
                    [speed_upload] => 340
                    [download_content_length] => -1
                    [upload_content_length] => 214
                    [starttransfer_time] => 0.539832
                    [redirect_time] => 0
                    [redirect_url] => 
                    [primary_ip] => 172.217.163.109
                    [certinfo] => Array
                        (
                        )

                    [primary_port] => 443
                    [local_ip] => 192.168.0.6
                    [local_port] => 60802
                    [http_version] => 3
                    [protocol] => 2
                    [ssl_verifyresult] => 0
                    [scheme] => HTTPS
                    [appconnect_time_us] => 500126
                    [connect_time_us] => 58410
                    [namelookup_time_us] => 10078
                    [pretransfer_time_us] => 539786
                    [redirect_time_us] => 0
                    [starttransfer_time_us] => 539832
                    [total_time_us] => 628802
                    [request_header] => POST /o/oauth2/token HTTP/2
Host: accounts.google.com
User-Agent: HybridAuth, PHP Social Authentication Library (https://github.com/hybridauth/hybridauth)
Accept-Encoding: identity
Accept: */*
Cache-Control: max-age=0
Connection: keep-alive
Content-Length: 214
Content-Type: application/x-www-form-urlencoded


                )

            [opts] => Array
                (
                    [13] => 30
                    [78] => 30
                    [64] => 
                    [81] => 
                    [19913] => 1
                    [52] => 1
                    [68] => 5
                    [2] => 1
                    [10102] => identity
                    [10018] => HybridAuth, PHP Social Authentication Library (https://github.com/hybridauth/hybridauth)
                    [47] => 1
                    [10015] => grant_type=authorization_code&redirect_uri=http%3A%2F%2Flocalhost%2Fverification%2Fdashboard%2Fvendor-verification%2F&code=4%2FywHHQQqFH7R101bpaEJgvtcKIpesOWBiypS_Zb8R820JT4JzHII0jNGK8S2-uSnZPExKHm8jfOCOdmD6qThdvuI
                    [10002] => https://accounts.google.com/o/oauth2/token
                    [10023] => Array
                        (
                            [0] => Accept: */*
                            [1] => Cache-Control: max-age=0
                            [2] => Connection: keep-alive
                            [3] => Expect: 
                            [4] => Pragma: 
                        )

                    [20079] => *omitted
                )

        )

)

debug -- ::1 -- 2020-04-20T09:53:55+00:00 -- Initialize Hybridauth\Provider\Google, config: 
Array
(
    [callback] => http://localhost/verification/dashboard/vendor-verification/
    [debug_mode] => 1
    [debug_file] => C:\xampp\htdocs\verification\wp-content\plugins\wcmp-vendor-verification/lib/Hybrid/hybridauth.log
    [providers] => Array
        (
            [Google] => Array
                (
                    [callback] => http://localhost/verification/dashboard/vendor-verification/?hauth.done=Google
                    [enabled] => 1
                    [keys] => Array
                        (
                            [id] => 796712499551-ctju6a4sl51ihgf3n6gr7ktgud9fk7gk.apps.googleusercontent.com
                            [secret] => EFa2kyFM1dxfJ8NzWkCS-V0E
                            [key] => 796712499551-ctju6a4sl51ihgf3n6gr7ktgud9fk7gk.apps.googleusercontent.com
                        )

                    [scope] => https://www.googleapis.com/auth/userinfo.profile
                )

            [Facebook] => Array
                (
                    [callback] => http://localhost/verification/dashboard/vendor-verification/?hauth.done=Facebook
                    [enabled] => 
                    [keys] => Array
                        (
                            [id] => 
                            [secret] => 
                            [key] => 
                        )

                    [scope] => email, public_profile, user_friends
                    [trustForwarded] => 1
                )

            [Twitter] => Array
                (
                    [callback] => http://localhost/verification/dashboard/vendor-verification/?hauth.done=Twitter
                    [enabled] => 
                    [keys] => Array
                        (
                            [id] => 
                            [secret] => 
                            [key] => 
                        )

                )

            [LinkedIn] => Array
                (
                    [callback] => http://localhost/verification/dashboard/vendor-verification/?hauth.done=LinkedIn
                    [enabled] => 
                    [keys] => Array
                        (
                            [id] => 
                            [secret] => 
                            [key] => 
                        )

                )

        )

)

info -- ::1 -- 2020-04-20T09:53:55+00:00 -- Hybridauth\Provider\Google::authenticate()
debug -- ::1 -- 2020-04-20T09:53:55+00:00 -- Hybridauth\Provider\Google::authenticateFinish(), callback url:
Array
(
    [0] => http://localhost/verification/dashboard/vendor-verification/?hauth.done=Google&state=HA-F3RXVH5GZMIDU7CYEOAJ4QTNB0SK89W2L6P1&code=4%2FywHAPgocU4Owu47ZEqUR1ILoMzqL07yLOPF3_4BsioJw0vn5b4xTdLq-dQjJ8MzpBR4mdIXBqF6qfJ2fvTh7-Q4&scope=profile+https%3A%2F%2Fwww.googleapis.com%2Fauth%2Fuserinfo.profile
)

debug -- ::1 -- 2020-04-20T09:53:56+00:00 -- Hybridauth\HttpClient\Curl::request( https://accounts.google.com/o/oauth2/token, POST ), response:
Array
(
    [request] => Array
        (
            [uri] => https://accounts.google.com/o/oauth2/token
            [method] => POST
            [parameters] => Array
                (
                    [client_id] => 
                    [client_secret] => 
                    [grant_type] => authorization_code
                    [redirect_uri] => http://localhost/verification/dashboard/vendor-verification/
                    [code] => 4/ywHAPgocU4Owu47ZEqUR1ILoMzqL07yLOPF3_4BsioJw0vn5b4xTdLq-dQjJ8MzpBR4mdIXBqF6qfJ2fvTh7-Q4
                )

            [headers] => Array
                (
                    [Accept] => */*
                    [Cache-Control] => max-age=0
                    [Connection] => keep-alive
                    [Expect] => 
                    [Pragma] => 
                )

        )

    [response] => Array
        (
            [code] => 400
            [headers] => Array
                (
                    [content_type] => application/json; charset=utf-8
                    [vary] => Origin,Accept-Encoding
                    [date] => Mon, 20 Apr 2020 09:53:57 GMT
                    [server] => scaffolding on HTTPServer2
                    [cache_control] => private
                    [x_xss_protection] => 0
                    [x_frame_options] => SAMEORIGIN
                    [x_content_type_options] => nosniff
                    [alt_svc] => quic=":443"; ma=2592000; v="46,43",h3-Q050=":443"; ma=2592000,h3-Q049=":443"; ma=2592000,h3-Q048=":443"; ma=2592000,h3-Q046=":443"; ma=2592000,h3-Q043=":443"; ma=2592000,h3-T050=":443"; ma=2592000
                    [accept_ranges] => none
                )

            [body] => {
  "error": "invalid_request",
  "error_description": "Could not determine client ID from request."
}
        )

    [client] => Array
        (
            [error] => 
            [info] => Array
                (
                    [url] => https://accounts.google.com/o/oauth2/token
                    [content_type] => application/json; charset=utf-8
                    [http_code] => 400
                    [header_size] => 531
                    [request_size] => 320
                    [filetime] => -1
                    [ssl_verify_result] => 0
                    [redirect_count] => 0
                    [total_time] => 0.488182
                    [namelookup_time] => 0.001576
                    [connect_time] => 0.051396
                    [pretransfer_time] => 0.310589
                    [size_upload] => 214
                    [size_download] => 102
                    [speed_download] => 209
                    [speed_upload] => 438
                    [download_content_length] => -1
                    [upload_content_length] => 214
                    [starttransfer_time] => 0.310643
                    [redirect_time] => 0
                    [redirect_url] => 
                    [primary_ip] => 172.217.163.109
                    [certinfo] => Array
                        (
                        )

                    [primary_port] => 443
                    [local_ip] => 192.168.0.6
                    [local_port] => 60890
                    [http_version] => 3
                    [protocol] => 2
                    [ssl_verifyresult] => 0
                    [scheme] => HTTPS
                    [appconnect_time_us] => 308991
                    [connect_time_us] => 51396
                    [namelookup_time_us] => 1576
                    [pretransfer_time_us] => 310589
                    [redirect_time_us] => 0
                    [starttransfer_time_us] => 310643
                    [total_time_us] => 488182
                    [request_header] => POST /o/oauth2/token HTTP/2
Host: accounts.google.com
User-Agent: HybridAuth, PHP Social Authentication Library (https://github.com/hybridauth/hybridauth)
Accept-Encoding: identity
Accept: */*
Cache-Control: max-age=0
Connection: keep-alive
Content-Length: 214
Content-Type: application/x-www-form-urlencoded


                )

            [opts] => Array
                (
                    [13] => 30
                    [78] => 30
                    [64] => 
                    [81] => 
                    [19913] => 1
                    [52] => 1
                    [68] => 5
                    [2] => 1
                    [10102] => identity
                    [10018] => HybridAuth, PHP Social Authentication Library (https://github.com/hybridauth/hybridauth)
                    [47] => 1
                    [10015] => grant_type=authorization_code&redirect_uri=http%3A%2F%2Flocalhost%2Fverification%2Fdashboard%2Fvendor-verification%2F&code=4%2FywHAPgocU4Owu47ZEqUR1ILoMzqL07yLOPF3_4BsioJw0vn5b4xTdLq-dQjJ8MzpBR4mdIXBqF6qfJ2fvTh7-Q4
                    [10002] => https://accounts.google.com/o/oauth2/token
                    [10023] => Array
                        (
                            [0] => Accept: */*
                            [1] => Cache-Control: max-age=0
                            [2] => Connection: keep-alive
                            [3] => Expect: 
                            [4] => Pragma: 
                        )

                    [20079] => *omitted
                )

        )

)

debug -- ::1 -- 2020-04-20T09:58:59+00:00 -- Initialize Hybridauth\Provider\Google, config: 
Array
(
    [callback] => http://localhost/verification/dashboard/vendor-verification/
    [debug_mode] => 1
    [debug_file] => C:\xampp\htdocs\verification\wp-content\plugins\wcmp-vendor-verification/lib/Hybrid/hybridauth.log
    [providers] => Array
        (
            [Google] => Array
                (
                    [callback] => http://localhost/verification/dashboard/vendor-verification/?hauth.done=Google
                    [enabled] => 1
                    [keys] => Array
                        (
                            [id] => 796712499551-ctju6a4sl51ihgf3n6gr7ktgud9fk7gk.apps.googleusercontent.com
                            [secret] => EFa2kyFM1dxfJ8NzWkCS-V0E
                            [key] => 796712499551-ctju6a4sl51ihgf3n6gr7ktgud9fk7gk.apps.googleusercontent.com
                        )

                    [scope] => https://www.googleapis.com/auth/userinfo.email
                )

            [Facebook] => Array
                (
                    [callback] => http://localhost/verification/dashboard/vendor-verification/?hauth.done=Facebook
                    [enabled] => 
                    [keys] => Array
                        (
                            [id] => 
                            [secret] => 
                            [key] => 
                        )

                    [scope] => email, public_profile, user_friends
                    [trustForwarded] => 1
                )

            [Twitter] => Array
                (
                    [callback] => http://localhost/verification/dashboard/vendor-verification/?hauth.done=Twitter
                    [enabled] => 
                    [keys] => Array
                        (
                            [id] => 
                            [secret] => 
                            [key] => 
                        )

                )

            [LinkedIn] => Array
                (
                    [callback] => http://localhost/verification/dashboard/vendor-verification/?hauth.done=LinkedIn
                    [enabled] => 
                    [keys] => Array
                        (
                            [id] => 
                            [secret] => 
                            [key] => 
                        )

                )

        )

)

info -- ::1 -- 2020-04-20T09:58:59+00:00 -- Hybridauth\Provider\Google::authenticate()
debug -- ::1 -- 2020-04-20T09:58:59+00:00 -- Hybridauth\Provider\Google::authenticateFinish(), callback url:
Array
(
    [0] => http://localhost/verification/dashboard/vendor-verification/?hauth.done=Google&state=HA-R049PTLNS6FJD7BEKXC3O1Y25HWAGUVQ8MZI&code=4/ywHukJ2DeuX2265YY-wkpQkx4di_ATYWrAJsPOiXoSkn8SKD0vEv5gg9FvZTMuibhwlHNF9TbMck7jFz6qa0iNg&scope=email%20https://www.googleapis.com/auth/userinfo.email%20openid&authuser=0&hd=dualcube.com&prompt=consent
)

debug -- ::1 -- 2020-04-20T09:59:00+00:00 -- Hybridauth\HttpClient\Curl::request( https://accounts.google.com/o/oauth2/token, POST ), response:
Array
(
    [request] => Array
        (
            [uri] => https://accounts.google.com/o/oauth2/token
            [method] => POST
            [parameters] => Array
                (
                    [client_id] => 
                    [client_secret] => 
                    [grant_type] => authorization_code
                    [redirect_uri] => http://localhost/verification/dashboard/vendor-verification/
                    [code] => 4/ywHukJ2DeuX2265YY-wkpQkx4di_ATYWrAJsPOiXoSkn8SKD0vEv5gg9FvZTMuibhwlHNF9TbMck7jFz6qa0iNg
                )

            [headers] => Array
                (
                    [Accept] => */*
                    [Cache-Control] => max-age=0
                    [Connection] => keep-alive
                    [Expect] => 
                    [Pragma] => 
                )

        )

    [response] => Array
        (
            [code] => 400
            [headers] => Array
                (
                    [content_type] => application/json; charset=utf-8
                    [vary] => Origin,Accept-Encoding
                    [date] => Mon, 20 Apr 2020 09:59:01 GMT
                    [server] => scaffolding on HTTPServer2
                    [cache_control] => private
                    [x_xss_protection] => 0
                    [x_frame_options] => SAMEORIGIN
                    [x_content_type_options] => nosniff
                    [alt_svc] => quic=":443"; ma=2592000; v="46,43",h3-Q050=":443"; ma=2592000,h3-Q049=":443"; ma=2592000,h3-Q048=":443"; ma=2592000,h3-Q046=":443"; ma=2592000,h3-Q043=":443"; ma=2592000,h3-T050=":443"; ma=2592000
                    [accept_ranges] => none
                )

            [body] => {
  "error": "invalid_request",
  "error_description": "Could not determine client ID from request."
}
        )

    [client] => Array
        (
            [error] => 
            [info] => Array
                (
                    [url] => https://accounts.google.com/o/oauth2/token
                    [content_type] => application/json; charset=utf-8
                    [http_code] => 400
                    [header_size] => 531
                    [request_size] => 320
                    [filetime] => -1
                    [ssl_verify_result] => 0
                    [redirect_count] => 0
                    [total_time] => 0.389845
                    [namelookup_time] => 0.023104
                    [connect_time] => 0.082536
                    [pretransfer_time] => 0.300701
                    [size_upload] => 214
                    [size_download] => 102
                    [speed_download] => 262
                    [speed_upload] => 550
                    [download_content_length] => -1
                    [upload_content_length] => 214
                    [starttransfer_time] => 0.300779
                    [redirect_time] => 0
                    [redirect_url] => 
                    [primary_ip] => 172.217.163.109
                    [certinfo] => Array
                        (
                        )

                    [primary_port] => 443
                    [local_ip] => 192.168.0.6
                    [local_port] => 61046
                    [http_version] => 3
                    [protocol] => 2
                    [ssl_verifyresult] => 0
                    [scheme] => HTTPS
                    [appconnect_time_us] => 299306
                    [connect_time_us] => 82536
                    [namelookup_time_us] => 23104
                    [pretransfer_time_us] => 300701
                    [redirect_time_us] => 0
                    [starttransfer_time_us] => 300779
                    [total_time_us] => 389845
                    [request_header] => POST /o/oauth2/token HTTP/2
Host: accounts.google.com
User-Agent: HybridAuth, PHP Social Authentication Library (https://github.com/hybridauth/hybridauth)
Accept-Encoding: identity
Accept: */*
Cache-Control: max-age=0
Connection: keep-alive
Content-Length: 214
Content-Type: application/x-www-form-urlencoded


                )

            [opts] => Array
                (
                    [13] => 30
                    [78] => 30
                    [64] => 
                    [81] => 
                    [19913] => 1
                    [52] => 1
                    [68] => 5
                    [2] => 1
                    [10102] => identity
                    [10018] => HybridAuth, PHP Social Authentication Library (https://github.com/hybridauth/hybridauth)
                    [47] => 1
                    [10015] => grant_type=authorization_code&redirect_uri=http%3A%2F%2Flocalhost%2Fverification%2Fdashboard%2Fvendor-verification%2F&code=4%2FywHukJ2DeuX2265YY-wkpQkx4di_ATYWrAJsPOiXoSkn8SKD0vEv5gg9FvZTMuibhwlHNF9TbMck7jFz6qa0iNg
                    [10002] => https://accounts.google.com/o/oauth2/token
                    [10023] => Array
                        (
                            [0] => Accept: */*
                            [1] => Cache-Control: max-age=0
                            [2] => Connection: keep-alive
                            [3] => Expect: 
                            [4] => Pragma: 
                        )

                    [20079] => *omitted
                )

        )

)

debug -- ::1 -- 2020-04-20T12:01:28+00:00 -- Initialize Hybridauth\Provider\Google, config: 
Array
(
    [callback] => http://localhost/verification/dashboard/vendor-verification/
    [debug_mode] => 1
    [debug_file] => C:\xampp\htdocs\verification\wp-content\plugins\wcmp-vendor-verification/lib/Hybrid/hybridauth.log
    [providers] => Array
        (
            [Google] => Array
                (
                    [callback] => http://localhost/verification/dashboard/vendor-verification/?hauth.done=Google
                    [enabled] => 1
                    [keys] => Array
                        (
                            [id] => 796712499551-ctju6a4sl51ihgf3n6gr7ktgud9fk7gk.apps.googleusercontent.com
                            [secret] => EFa2kyFM1dxfJ8NzWkCS-V0E
                            [key] => 796712499551-ctju6a4sl51ihgf3n6gr7ktgud9fk7gk.apps.googleusercontent.com
                        )

                    [scope] => https://www.googleapis.com/auth/userinfo.profile
                )

            [Facebook] => Array
                (
                    [callback] => http://localhost/verification/dashboard/vendor-verification/?hauth.done=Facebook
                    [enabled] => 
                    [keys] => Array
                        (
                            [id] => 
                            [secret] => 
                            [key] => 
                        )

                    [scope] => email, public_profile, user_friends
                    [trustForwarded] => 1
                )

            [Twitter] => Array
                (
                    [callback] => http://localhost/verification/dashboard/vendor-verification/?hauth.done=Twitter
                    [enabled] => 
                    [keys] => Array
                        (
                            [id] => 
                            [secret] => 
                            [key] => 
                        )

                )

            [LinkedIn] => Array
                (
                    [callback] => http://localhost/verification/dashboard/vendor-verification/?hauth.done=LinkedIn
                    [enabled] => 
                    [keys] => Array
                        (
                            [id] => 
                            [secret] => 
                            [key] => 
                        )

                )

        )

)

info -- ::1 -- 2020-04-20T12:01:28+00:00 -- Hybridauth\Provider\Google::authenticate()
debug -- ::1 -- 2020-04-20T12:01:28+00:00 -- Hybridauth\Provider\Google::authenticateFinish(), callback url:
Array
(
    [0] => http://localhost/verification/dashboard/vendor-verification/?hauth.done=Google&state=HA-71EW6FN40SIX3PO2TCBK8JUGRQ9VZMD5YALH&code=4%2FywGc8Cz9OsJfO2Hd4gaciQ3ltEVTjKeXQ-mf9s4JhOyLYjoD0cCuiSKWTBsbQ31GimoB9m9RPgw-VObDUo6_vsw&scope=profile+https%3A%2F%2Fwww.googleapis.com%2Fauth%2Fuserinfo.profile
)

debug -- ::1 -- 2020-04-20T12:01:29+00:00 -- Hybridauth\HttpClient\Curl::request( https://accounts.google.com/o/oauth2/token, POST ), response:
Array
(
    [request] => Array
        (
            [uri] => https://accounts.google.com/o/oauth2/token
            [method] => POST
            [parameters] => Array
                (
                    [client_id] => 
                    [client_secret] => 
                    [grant_type] => authorization_code
                    [redirect_uri] => http://localhost/verification/dashboard/vendor-verification/
                    [code] => 4/ywGc8Cz9OsJfO2Hd4gaciQ3ltEVTjKeXQ-mf9s4JhOyLYjoD0cCuiSKWTBsbQ31GimoB9m9RPgw-VObDUo6_vsw
                )

            [headers] => Array
                (
                    [Accept] => */*
                    [Cache-Control] => max-age=0
                    [Connection] => keep-alive
                    [Expect] => 
                    [Pragma] => 
                )

        )

    [response] => Array
        (
            [code] => 400
            [headers] => Array
                (
                    [content_type] => application/json; charset=utf-8
                    [vary] => Origin,Accept-Encoding
                    [date] => Mon, 20 Apr 2020 12:01:30 GMT
                    [server] => scaffolding on HTTPServer2
                    [cache_control] => private
                    [x_xss_protection] => 0
                    [x_frame_options] => SAMEORIGIN
                    [x_content_type_options] => nosniff
                    [alt_svc] => quic=":443"; ma=2592000; v="46,43",h3-Q050=":443"; ma=2592000,h3-Q049=":443"; ma=2592000,h3-Q048=":443"; ma=2592000,h3-Q046=":443"; ma=2592000,h3-Q043=":443"; ma=2592000,h3-T050=":443"; ma=2592000
                    [accept_ranges] => none
                )

            [body] => {
  "error": "invalid_request",
  "error_description": "Could not determine client ID from request."
}
        )

    [client] => Array
        (
            [error] => 
            [info] => Array
                (
                    [url] => https://accounts.google.com/o/oauth2/token
                    [content_type] => application/json; charset=utf-8
                    [http_code] => 400
                    [header_size] => 531
                    [request_size] => 320
                    [filetime] => -1
                    [ssl_verify_result] => 0
                    [redirect_count] => 0
                    [total_time] => 1.451701
                    [namelookup_time] => 0.167299
                    [connect_time] => 0.227642
                    [pretransfer_time] => 1.328693
                    [size_upload] => 214
                    [size_download] => 102
                    [speed_download] => 70
                    [speed_upload] => 147
                    [download_content_length] => -1
                    [upload_content_length] => 214
                    [starttransfer_time] => 1.32957
                    [redirect_time] => 0
                    [redirect_url] => 
                    [primary_ip] => 172.217.163.109
                    [certinfo] => Array
                        (
                        )

                    [primary_port] => 443
                    [local_ip] => 192.168.0.6
                    [local_port] => 64599
                    [http_version] => 3
                    [protocol] => 2
                    [ssl_verifyresult] => 0
                    [scheme] => HTTPS
                    [appconnect_time_us] => 1267935
                    [connect_time_us] => 227642
                    [namelookup_time_us] => 167299
                    [pretransfer_time_us] => 1328693
                    [redirect_time_us] => 0
                    [starttransfer_time_us] => 1329570
                    [total_time_us] => 1451701
                    [request_header] => POST /o/oauth2/token HTTP/2
Host: accounts.google.com
User-Agent: HybridAuth, PHP Social Authentication Library (https://github.com/hybridauth/hybridauth)
Accept-Encoding: identity
Accept: */*
Cache-Control: max-age=0
Connection: keep-alive
Content-Length: 214
Content-Type: application/x-www-form-urlencoded


                )

            [opts] => Array
                (
                    [13] => 30
                    [78] => 30
                    [64] => 
                    [81] => 
                    [19913] => 1
                    [52] => 1
                    [68] => 5
                    [2] => 1
                    [10102] => identity
                    [10018] => HybridAuth, PHP Social Authentication Library (https://github.com/hybridauth/hybridauth)
                    [47] => 1
                    [10015] => grant_type=authorization_code&redirect_uri=http%3A%2F%2Flocalhost%2Fverification%2Fdashboard%2Fvendor-verification%2F&code=4%2FywGc8Cz9OsJfO2Hd4gaciQ3ltEVTjKeXQ-mf9s4JhOyLYjoD0cCuiSKWTBsbQ31GimoB9m9RPgw-VObDUo6_vsw
                    [10002] => https://accounts.google.com/o/oauth2/token
                    [10023] => Array
                        (
                            [0] => Accept: */*
                            [1] => Cache-Control: max-age=0
                            [2] => Connection: keep-alive
                            [3] => Expect: 
                            [4] => Pragma: 
                        )

                    [20079] => *omitted
                )

        )

)

debug -- ::1 -- 2020-04-20T12:01:36+00:00 -- Initialize Hybridauth\Provider\Google, config: 
Array
(
    [callback] => http://localhost/verification/dashboard/vendor-verification/
    [debug_mode] => 1
    [debug_file] => C:\xampp\htdocs\verification\wp-content\plugins\wcmp-vendor-verification/lib/Hybrid/hybridauth.log
    [providers] => Array
        (
            [Google] => Array
                (
                    [callback] => http://localhost/verification/dashboard/vendor-verification/?hauth.done=Google
                    [enabled] => 1
                    [keys] => Array
                        (
                            [id] => 796712499551-ctju6a4sl51ihgf3n6gr7ktgud9fk7gk.apps.googleusercontent.com
                            [secret] => EFa2kyFM1dxfJ8NzWkCS-V0E
                            [key] => 796712499551-ctju6a4sl51ihgf3n6gr7ktgud9fk7gk.apps.googleusercontent.com
                        )

                    [scope] => https://www.googleapis.com/auth/userinfo.profile
                )

            [Facebook] => Array
                (
                    [callback] => http://localhost/verification/dashboard/vendor-verification/?hauth.done=Facebook
                    [enabled] => 
                    [keys] => Array
                        (
                            [id] => 
                            [secret] => 
                            [key] => 
                        )

                    [scope] => email, public_profile, user_friends
                    [trustForwarded] => 1
                )

            [Twitter] => Array
                (
                    [callback] => http://localhost/verification/dashboard/vendor-verification/?hauth.done=Twitter
                    [enabled] => 
                    [keys] => Array
                        (
                            [id] => 
                            [secret] => 
                            [key] => 
                        )

                )

            [LinkedIn] => Array
                (
                    [callback] => http://localhost/verification/dashboard/vendor-verification/?hauth.done=LinkedIn
                    [enabled] => 
                    [keys] => Array
                        (
                            [id] => 
                            [secret] => 
                            [key] => 
                        )

                )

        )

)

info -- ::1 -- 2020-04-20T12:01:36+00:00 -- Hybridauth\Provider\Google::authenticate()
debug -- ::1 -- 2020-04-20T12:01:36+00:00 -- Hybridauth\Provider\Google::authenticateFinish(), callback url:
Array
(
    [0] => http://localhost/verification/dashboard/vendor-verification/?hauth.done=Google&state=HA-SFP7Y9R5D48IZQ30TALBUVWHCJM1KE6N2GXO&code=4%2FywG66Q-GolnXU4O0mPCt_Nqffn5p3Z5_N2PTs3TQgFFNxRq2TGsARw_Y5ZPFD8Bfwm1Ba0TO3bxQG_5czzJoxCA&scope=profile+https%3A%2F%2Fwww.googleapis.com%2Fauth%2Fuserinfo.profile
)

debug -- ::1 -- 2020-04-20T12:01:36+00:00 -- Hybridauth\HttpClient\Curl::request( https://accounts.google.com/o/oauth2/token, POST ), response:
Array
(
    [request] => Array
        (
            [uri] => https://accounts.google.com/o/oauth2/token
            [method] => POST
            [parameters] => Array
                (
                    [client_id] => 
                    [client_secret] => 
                    [grant_type] => authorization_code
                    [redirect_uri] => http://localhost/verification/dashboard/vendor-verification/
                    [code] => 4/ywG66Q-GolnXU4O0mPCt_Nqffn5p3Z5_N2PTs3TQgFFNxRq2TGsARw_Y5ZPFD8Bfwm1Ba0TO3bxQG_5czzJoxCA
                )

            [headers] => Array
                (
                    [Accept] => */*
                    [Cache-Control] => max-age=0
                    [Connection] => keep-alive
                    [Expect] => 
                    [Pragma] => 
                )

        )

    [response] => Array
        (
            [code] => 400
            [headers] => Array
                (
                    [content_type] => application/json; charset=utf-8
                    [vary] => Origin,Accept-Encoding
                    [date] => Mon, 20 Apr 2020 12:01:37 GMT
                    [server] => scaffolding on HTTPServer2
                    [cache_control] => private
                    [x_xss_protection] => 0
                    [x_frame_options] => SAMEORIGIN
                    [x_content_type_options] => nosniff
                    [alt_svc] => quic=":443"; ma=2592000; v="46,43",h3-Q050=":443"; ma=2592000,h3-Q049=":443"; ma=2592000,h3-Q048=":443"; ma=2592000,h3-Q046=":443"; ma=2592000,h3-Q043=":443"; ma=2592000,h3-T050=":443"; ma=2592000
                    [accept_ranges] => none
                )

            [body] => {
  "error": "invalid_request",
  "error_description": "Could not determine client ID from request."
}
        )

    [client] => Array
        (
            [error] => 
            [info] => Array
                (
                    [url] => https://accounts.google.com/o/oauth2/token
                    [content_type] => application/json; charset=utf-8
                    [http_code] => 400
                    [header_size] => 531
                    [request_size] => 320
                    [filetime] => -1
                    [ssl_verify_result] => 0
                    [redirect_count] => 0
                    [total_time] => 0.264925
                    [namelookup_time] => 0.001228
                    [connect_time] => 0.049543
                    [pretransfer_time] => 0.169529
                    [size_upload] => 214
                    [size_download] => 102
                    [speed_download] => 386
                    [speed_upload] => 810
                    [download_content_length] => -1
                    [upload_content_length] => 214
                    [starttransfer_time] => 0.169562
                    [redirect_time] => 0
                    [redirect_url] => 
                    [primary_ip] => 172.217.163.109
                    [certinfo] => Array
                        (
                        )

                    [primary_port] => 443
                    [local_ip] => 192.168.0.6
                    [local_port] => 64610
                    [http_version] => 3
                    [protocol] => 2
                    [ssl_verifyresult] => 0
                    [scheme] => HTTPS
                    [appconnect_time_us] => 168833
                    [connect_time_us] => 49543
                    [namelookup_time_us] => 1228
                    [pretransfer_time_us] => 169529
                    [redirect_time_us] => 0
                    [starttransfer_time_us] => 169562
                    [total_time_us] => 264925
                    [request_header] => POST /o/oauth2/token HTTP/2
Host: accounts.google.com
User-Agent: HybridAuth, PHP Social Authentication Library (https://github.com/hybridauth/hybridauth)
Accept-Encoding: identity
Accept: */*
Cache-Control: max-age=0
Connection: keep-alive
Content-Length: 214
Content-Type: application/x-www-form-urlencoded


                )

            [opts] => Array
                (
                    [13] => 30
                    [78] => 30
                    [64] => 
                    [81] => 
                    [19913] => 1
                    [52] => 1
                    [68] => 5
                    [2] => 1
                    [10102] => identity
                    [10018] => HybridAuth, PHP Social Authentication Library (https://github.com/hybridauth/hybridauth)
                    [47] => 1
                    [10015] => grant_type=authorization_code&redirect_uri=http%3A%2F%2Flocalhost%2Fverification%2Fdashboard%2Fvendor-verification%2F&code=4%2FywG66Q-GolnXU4O0mPCt_Nqffn5p3Z5_N2PTs3TQgFFNxRq2TGsARw_Y5ZPFD8Bfwm1Ba0TO3bxQG_5czzJoxCA
                    [10002] => https://accounts.google.com/o/oauth2/token
                    [10023] => Array
                        (
                            [0] => Accept: */*
                            [1] => Cache-Control: max-age=0
                            [2] => Connection: keep-alive
                            [3] => Expect: 
                            [4] => Pragma: 
                        )

                    [20079] => *omitted
                )

        )

)

debug -- ::1 -- 2020-04-20T12:13:52+00:00 -- Initialize Hybridauth\Provider\Google, config: 
Array
(
    [callback] => http://localhost/verification/dashboard/vendor-verification/
    [debug_mode] => 1
    [debug_file] => C:\xampp\htdocs\verification\wp-content\plugins\wcmp-vendor-verification/lib/Hybrid/hybridauth.log
    [providers] => Array
        (
            [Google] => Array
                (
                    [callback] => http://localhost/verification/dashboard/vendor-verification/?hauth.done=Google
                    [enabled] => 1
                    [keys] => Array
                        (
                            [id] => 796712499551-ctju6a4sl51ihgf3n6gr7ktgud9fk7gk.apps.googleusercontent.com
                            [secret] => EFa2kyFM1dxfJ8NzWkCS-V0E
                            [key] => 796712499551-ctju6a4sl51ihgf3n6gr7ktgud9fk7gk.apps.googleusercontent.com
                        )

                    [scope] => https://www.googleapis.com/auth/userinfo.profile
                    [endpoints] => Array
                        (
                            [api_base_url] => https://www.googleapis.com/plus/v1/
                            [authorize_url] => https://accounts.google.com/o/oauth2/auth
                            [access_token_url] => https://accounts.google.com/o/oauth2/token
                        )

                )

            [Facebook] => Array
                (
                    [callback] => http://localhost/verification/dashboard/vendor-verification/?hauth.done=Facebook
                    [enabled] => 
                    [keys] => Array
                        (
                            [id] => 
                            [secret] => 
                            [key] => 
                        )

                    [scope] => email, public_profile, user_friends
                    [trustForwarded] => 1
                )

            [Twitter] => Array
                (
                    [callback] => http://localhost/verification/dashboard/vendor-verification/?hauth.done=Twitter
                    [enabled] => 
                    [keys] => Array
                        (
                            [id] => 
                            [secret] => 
                            [key] => 
                        )

                )

            [LinkedIn] => Array
                (
                    [callback] => http://localhost/verification/dashboard/vendor-verification/?hauth.done=LinkedIn
                    [enabled] => 
                    [keys] => Array
                        (
                            [id] => 
                            [secret] => 
                            [key] => 
                        )

                )

        )

)

info -- ::1 -- 2020-04-20T12:13:52+00:00 -- Hybridauth\Provider\Google::authenticate()
debug -- ::1 -- 2020-04-20T12:13:52+00:00 -- Hybridauth\Provider\Google::authenticateFinish(), callback url:
Array
(
    [0] => http://localhost/verification/dashboard/vendor-verification/?hauth.done=Google&state=HA-S46EHI2VR3JQT5BCNF1KZ8PAY9GL7MU0DOWX&code=4%2FywHEzLnYluvV-OGk4Pz7KvG5NML7fuYWbzBtdwLrwe2TAMm2Wq1PVr1vWn0ygG-LIUF2T-iN0yYElC0Go0MiLZc&scope=profile+https%3A%2F%2Fwww.googleapis.com%2Fauth%2Fuserinfo.profile
)

debug -- ::1 -- 2020-04-20T12:13:52+00:00 -- Hybridauth\HttpClient\Curl::request( https://accounts.google.com/o/oauth2/token, POST ), response:
Array
(
    [request] => Array
        (
            [uri] => https://accounts.google.com/o/oauth2/token
            [method] => POST
            [parameters] => Array
                (
                    [client_id] => 
                    [client_secret] => 
                    [grant_type] => authorization_code
                    [redirect_uri] => http://localhost/verification/dashboard/vendor-verification/
                    [code] => 4/ywHEzLnYluvV-OGk4Pz7KvG5NML7fuYWbzBtdwLrwe2TAMm2Wq1PVr1vWn0ygG-LIUF2T-iN0yYElC0Go0MiLZc
                )

            [headers] => Array
                (
                    [Accept] => */*
                    [Cache-Control] => max-age=0
                    [Connection] => keep-alive
                    [Expect] => 
                    [Pragma] => 
                )

        )

    [response] => Array
        (
            [code] => 400
            [headers] => Array
                (
                    [content_type] => application/json; charset=utf-8
                    [vary] => Origin,Accept-Encoding
                    [date] => Mon, 20 Apr 2020 12:13:53 GMT
                    [server] => scaffolding on HTTPServer2
                    [cache_control] => private
                    [x_xss_protection] => 0
                    [x_frame_options] => SAMEORIGIN
                    [x_content_type_options] => nosniff
                    [alt_svc] => quic=":443"; ma=2592000; v="46,43",h3-Q050=":443"; ma=2592000,h3-Q049=":443"; ma=2592000,h3-Q048=":443"; ma=2592000,h3-Q046=":443"; ma=2592000,h3-Q043=":443"; ma=2592000,h3-T050=":443"; ma=2592000
                    [accept_ranges] => none
                )

            [body] => {
  "error": "invalid_request",
  "error_description": "Could not determine client ID from request."
}
        )

    [client] => Array
        (
            [error] => 
            [info] => Array
                (
                    [url] => https://accounts.google.com/o/oauth2/token
                    [content_type] => application/json; charset=utf-8
                    [http_code] => 400
                    [header_size] => 531
                    [request_size] => 320
                    [filetime] => -1
                    [ssl_verify_result] => 0
                    [redirect_count] => 0
                    [total_time] => 0.306186
                    [namelookup_time] => 0.01849
                    [connect_time] => 0.067553
                    [pretransfer_time] => 0.217822
                    [size_upload] => 214
                    [size_download] => 102
                    [speed_download] => 333
                    [speed_upload] => 699
                    [download_content_length] => -1
                    [upload_content_length] => 214
                    [starttransfer_time] => 0.217868
                    [redirect_time] => 0
                    [redirect_url] => 
                    [primary_ip] => 172.217.163.109
                    [certinfo] => Array
                        (
                        )

                    [primary_port] => 443
                    [local_ip] => 192.168.0.6
                    [local_port] => 65012
                    [http_version] => 3
                    [protocol] => 2
                    [ssl_verifyresult] => 0
                    [scheme] => HTTPS
                    [appconnect_time_us] => 215856
                    [connect_time_us] => 67553
                    [namelookup_time_us] => 18490
                    [pretransfer_time_us] => 217822
                    [redirect_time_us] => 0
                    [starttransfer_time_us] => 217868
                    [total_time_us] => 306186
                    [request_header] => POST /o/oauth2/token HTTP/2
Host: accounts.google.com
User-Agent: HybridAuth, PHP Social Authentication Library (https://github.com/hybridauth/hybridauth)
Accept-Encoding: identity
Accept: */*
Cache-Control: max-age=0
Connection: keep-alive
Content-Length: 214
Content-Type: application/x-www-form-urlencoded


                )

            [opts] => Array
                (
                    [13] => 30
                    [78] => 30
                    [64] => 
                    [81] => 
                    [19913] => 1
                    [52] => 1
                    [68] => 5
                    [2] => 1
                    [10102] => identity
                    [10018] => HybridAuth, PHP Social Authentication Library (https://github.com/hybridauth/hybridauth)
                    [47] => 1
                    [10015] => grant_type=authorization_code&redirect_uri=http%3A%2F%2Flocalhost%2Fverification%2Fdashboard%2Fvendor-verification%2F&code=4%2FywHEzLnYluvV-OGk4Pz7KvG5NML7fuYWbzBtdwLrwe2TAMm2Wq1PVr1vWn0ygG-LIUF2T-iN0yYElC0Go0MiLZc
                    [10002] => https://accounts.google.com/o/oauth2/token
                    [10023] => Array
                        (
                            [0] => Accept: */*
                            [1] => Cache-Control: max-age=0
                            [2] => Connection: keep-alive
                            [3] => Expect: 
                            [4] => Pragma: 
                        )

                    [20079] => *omitted
                )

        )

)

